<?xml version="1.0" encoding="UTF-8"?>
<testsuite name="ghost.ModesTest" tests="2" skipped="0" failures="0" errors="0" timestamp="2020-11-22T03:19:03" hostname="LAPTOP-FQUAO8L2" time="0.002">
  <properties/>
  <testcase name="testTime()" classname="ghost.ModesTest" time="0.001"/>
  <testcase name="testType()" classname="ghost.ModesTest" time="0.001"/>
  <system-out><![CDATA[]]></system-out>
  <system-err><![CDATA[]]></system-err>
</testsuite>
